e:\mfc\dllinjecter\dllinjecter\x64\release\dllinjecter.pch
e:\mfc\dllinjecter\dllinjecter\x64\release\vc141.pdb
e:\mfc\dllinjecter\dllinjecter\x64\release\stdafx.obj
e:\mfc\dllinjecter\dllinjecter\x64\release\inject.obj
e:\mfc\dllinjecter\dllinjecter\x64\release\dllinjecterdlg.obj
e:\mfc\dllinjecter\dllinjecter\x64\release\dllinjecter.obj
e:\mfc\dllinjecter\x64\release\dllinjecter.ipdb
e:\mfc\dllinjecter\x64\release\dllinjecter.iobj
e:\mfc\dllinjecter\dllinjecter\x64\release\vcpkg.applocal.log
e:\mfc\dllinjecter\x64\release\dllinjecter.exe
e:\mfc\dllinjecter\x64\release\dllinjecter.pdb
e:\mfc\dllinjecter\dllinjecter\x64\release\dllinjecter.res
e:\mfc\dllinjecter\dllinjecter\x64\release\dllinjecter.tlog\cl.command.1.tlog
e:\mfc\dllinjecter\dllinjecter\x64\release\dllinjecter.tlog\cl.read.1.tlog
e:\mfc\dllinjecter\dllinjecter\x64\release\dllinjecter.tlog\cl.write.1.tlog
e:\mfc\dllinjecter\dllinjecter\x64\release\dllinjecter.tlog\dllinjecter.write.1u.tlog
e:\mfc\dllinjecter\dllinjecter\x64\release\dllinjecter.tlog\link.command.1.tlog
e:\mfc\dllinjecter\dllinjecter\x64\release\dllinjecter.tlog\link.read.1.tlog
e:\mfc\dllinjecter\dllinjecter\x64\release\dllinjecter.tlog\link.write.1.tlog
e:\mfc\dllinjecter\dllinjecter\x64\release\dllinjecter.tlog\rc.command.1.tlog
e:\mfc\dllinjecter\dllinjecter\x64\release\dllinjecter.tlog\rc.read.1.tlog
e:\mfc\dllinjecter\dllinjecter\x64\release\dllinjecter.tlog\rc.write.1.tlog
